Unity Editor version:    2020.3.34f1 (9a4c9c70452b)
Branch:                  2020.3/release
Build type:              Release
Batch mode:              YES
macOS version:           Version 11.6.6 (Build 20G624)
Darwin version:          20.6.0
Architecture:            x86_64
Running under Rosetta:   NO
Available memory:        32768 MB
Using pre-set license
Pro License: NO

COMMAND LINE ARGUMENTS:
/Applications/Unity/Hub/Editor/2020.3.34f1/Unity.app/Contents/MacOS/Unity
-adb2
-batchMode
-noUpm
-name
AssetImportWorker0
-projectPath
/Users/Ford/EpicGames
-logFile
Logs/AssetImportWorker0.log
-srvPort
60262
Successfully changed project path to: /Users/Ford/EpicGames
/Users/Ford/EpicGames
Using Asset Import Pipeline V2.
Refreshing native plugins compatible for Editor in 79.23 ms, found 2 plugins.
Preloading 0 native plugins for Editor in 0.00 ms.
Initialize engine version: 2020.3.34f1 (9a4c9c70452b)
[Subsystems] Discovering subsystems at path /Applications/Unity/Hub/Editor/2020.3.34f1/Unity.app/Contents/Resources/UnitySubsystems
[Subsystems] Discovering subsystems at path /Users/Ford/EpicGames/Assets
GfxDevice: creating device client; threaded=0
2022-07-07 10:06:44.220 Unity[44325:25445554] Color LCD preferred device: Intel(R) UHD Graphics 630 (low power)
2022-07-07 10:06:44.220 Unity[44325:25445554] Metal devices available: 2
2022-07-07 10:06:44.221 Unity[44325:25445554] 0: AMD Radeon Pro 560X (high power)
2022-07-07 10:06:44.221 Unity[44325:25445554] 1: Intel(R) UHD Graphics 630 (low power)
2022-07-07 10:06:44.221 Unity[44325:25445554] Using device AMD Radeon Pro 560X (high power)
Initializing Metal device caps: AMD Radeon Pro 560X
Initialize mono
Mono path[0] = '/Applications/Unity/Hub/Editor/2020.3.34f1/Unity.app/Contents/Managed'
Mono path[1] = '/Applications/Unity/Hub/Editor/2020.3.34f1/Unity.app/Contents/MonoBleedingEdge/lib/mono/unityjit'
Mono config path = '/Applications/Unity/Hub/Editor/2020.3.34f1/Unity.app/Contents/MonoBleedingEdge/etc'
Using monoOptions --debugger-agent=transport=dt_socket,embedding=1,server=y,suspend=n,address=127.0.0.1:56325
Begin MonoManager ReloadAssembly
Registering precompiled unity dll's ...
Register platform support module: /Applications/Unity/Hub/Editor/2020.3.34f1/Unity.app/Contents/PlaybackEngines/MacStandaloneSupport/UnityEditor.OSXStandalone.Extensions.dll
Register platform support module: /Applications/Unity/Hub/Editor/2020.3.34f1/PlaybackEngines/WindowsStandaloneSupport/UnityEditor.WindowsStandalone.Extensions.dll
Registered in 0.002714 seconds.
Native extension for WindowsStandalone target not found
Native extension for OSXStandalone target not found
Refreshing native plugins compatible for Editor in 87.56 ms, found 2 plugins.
Preloading 0 native plugins for Editor in 0.00 ms.
Mono: successfully reloaded assembly
- Completed reload, in  0.963 seconds
Domain Reload Profiling:
	ReloadAssembly (963ms)
		BeginReloadAssembly (106ms)
			ExecutionOrderSort (0ms)
			DisableScriptedObjects (0ms)
			BackupInstance (0ms)
			ReleaseScriptingObjects (0ms)
			CreateAndSetChildDomain (1ms)
		EndReloadAssembly (752ms)
			LoadAssemblies (107ms)
			RebuildTransferFunctionScriptingTraits (0ms)
			SetupTypeCache (255ms)
			ReleaseScriptCaches (0ms)
			RebuildScriptCaches (58ms)
			SetupLoadedEditorAssemblies (307ms)
				LogAssemblyErrors (0ms)
				InitializePlatformSupportModulesInManaged (7ms)
				SetLoadedEditorAssemblies (0ms)
				RefreshPlugins (88ms)
				BeforeProcessingInitializeOnLoad (12ms)
				ProcessInitializeOnLoadAttributes (154ms)
				ProcessInitializeOnLoadMethodAttributes (46ms)
				AfterProcessingInitializeOnLoad (0ms)
				EditorAssembliesLoaded (0ms)
			ExecutionOrderSort2 (0ms)
			AwakeInstancesAfterBackupRestoration (0ms)
Platform modules already initialized, skipping
Registering precompiled user dll's ...
Registered in 0.006141 seconds.
Begin MonoManager ReloadAssembly
Native extension for WindowsStandalone target not found
Native extension for OSXStandalone target not found
Refreshing native plugins compatible for Editor in 90.67 ms, found 2 plugins.
Preloading 0 native plugins for Editor in 0.00 ms.
Mono: successfully reloaded assembly
- Completed reload, in  1.931 seconds
Domain Reload Profiling:
	ReloadAssembly (1933ms)
		BeginReloadAssembly (201ms)
			ExecutionOrderSort (0ms)
			DisableScriptedObjects (6ms)
			BackupInstance (0ms)
			ReleaseScriptingObjects (0ms)
			CreateAndSetChildDomain (35ms)
		EndReloadAssembly (1654ms)
			LoadAssemblies (117ms)
			RebuildTransferFunctionScriptingTraits (0ms)
			SetupTypeCache (629ms)
			ReleaseScriptCaches (1ms)
			RebuildScriptCaches (96ms)
			SetupLoadedEditorAssemblies (621ms)
				LogAssemblyErrors (0ms)
				InitializePlatformSupportModulesInManaged (5ms)
				SetLoadedEditorAssemblies (0ms)
				RefreshPlugins (91ms)
				BeforeProcessingInitializeOnLoad (105ms)
				ProcessInitializeOnLoadAttributes (397ms)
				ProcessInitializeOnLoadMethodAttributes (20ms)
				AfterProcessingInitializeOnLoad (3ms)
				EditorAssembliesLoaded (1ms)
			ExecutionOrderSort2 (0ms)
			AwakeInstancesAfterBackupRestoration (3ms)
Platform modules already initialized, skipping
Validating Project structure ... 0.006432 seconds.
Shader import version has changed; will reimport all shaders...
Upgrading shader files ...0.024755 seconds.
Application.AssetDatabase Initial Script Refresh Start
RefreshInfo: InitialScriptRefreshV2(NoUpdateAssetOptions) scanfilter:  ... 1 filters
RefreshProfiler: Total: 0.000ms
Application.AssetDatabase Initial Script Refresh End
Application.AssetDatabase.Refresh Start
Application.AssetDatabase.Refresh End
RefreshInfo: StopAssetImportingV2(ForceSynchronousImport) scanfilter: 
RefreshProfiler: Total: 0.000ms
Launching external process: /Applications/Unity/Hub/Editor/2020.3.34f1/Unity.app/Contents/Tools/UnityShaderCompiler
Launched and connected shader compiler UnityShaderCompiler after 0.02 seconds
Initializing Unity extensions:
========================================================================
Worker process is ready to serve import requests
Refreshing native plugins compatible for Editor in 0.63 ms, found 2 plugins.
Preloading 0 native plugins for Editor in 0.00 ms.
Unloading 3329 Unused Serialized files (Serialized files now loaded: 0)
System memory in use before: 291.2 MB.
System memory in use after: 289.8 MB.

Unloading 163 unused Assets to reduce memory usage. Loaded Objects now: 3796.
Total: 5.280665 ms (FindLiveObjects: 0.242839 ms CreateObjectMapping: 0.155970 ms MarkObjects: 4.047109 ms  DeleteObjects: 0.833745 ms)

AssetImportParameters requested are different than current active one (requested -> active):
  custom:video-decoder-ogg-theora: a1e56fd34408186e4bbccfd4996cb3dc -> 
  custom:container-muxer-webm: aa71ff27fc2769a1b78a27578f13a17b -> 
  custom:container-demuxer-webm: 4f35f7cbe854078d1ac9338744f61a02 -> 
  custom:container-demuxer-ogg: 62fdf1f143b41e24485cea50d1cbac27 -> 
  custom:video-encoder-webm-vp8: eb34c28f22e8b96e1ab97ce403110664 -> 
  custom:framework-osx-AVFoundation: e770b220cccbd017edd2c1fefb359320 -> 
  custom:video-decoder-webm-vp8: 9c59270c3fd7afecdb556c50c9e8de78 -> 
  custom:audio-decoder-ogg-vorbis: bf7c407c2cedff20999df2af8eb42d56 -> 
  custom:audio-encoder-webm-vorbis: bf7c407c2cedff20999df2af8eb42d56 -> 
========================================================================
Received Import Request.
  path: Assets/Prefabs/Windmill.prefab
  artifactKey: Guid(96d069c027a90424eb2c87bbed3a18ef) Importer(815301076,1909f56bfc062723c751e8b465ee728b)
Start importing Assets/Prefabs/Windmill.prefab using Guid(96d069c027a90424eb2c87bbed3a18ef) Importer(815301076,1909f56bfc062723c751e8b465ee728b)  -> (artifact id: '3fa59fa72eed6514f8be27294dc342bc') in 1.279739 seconds 
========================================================================
Received Import Request.
  Time since last request: 0.000311 seconds.
  path: Assets/Prefabs/FallingBallBlue.prefab
  artifactKey: Guid(fae84588658584a2aad839437c104ef7) Importer(815301076,1909f56bfc062723c751e8b465ee728b)
Start importing Assets/Prefabs/FallingBallBlue.prefab using Guid(fae84588658584a2aad839437c104ef7) Importer(815301076,1909f56bfc062723c751e8b465ee728b)  -> (artifact id: '94c1c986a48932c2b878fede6c7236fa') in 0.041840 seconds 
========================================================================
Received Import Request.
  Time since last request: 0.000409 seconds.
  path: Assets/Prefabs/FallingBallYellow.prefab
  artifactKey: Guid(701dab2279dc34fe89f2aaaa9b22ad72) Importer(815301076,1909f56bfc062723c751e8b465ee728b)
Start importing Assets/Prefabs/FallingBallYellow.prefab using Guid(701dab2279dc34fe89f2aaaa9b22ad72) Importer(815301076,1909f56bfc062723c751e8b465ee728b)  -> (artifact id: 'a48fd4ba1ec496e1c882327f38da464a') in 0.019507 seconds 
========================================================================
Received Import Request.
  Time since last request: 0.000316 seconds.
  path: Assets/Prefabs/UIs.prefab
  artifactKey: Guid(bd6f9cb8fb0f9f849aac6c8ab24e31ac) Importer(815301076,1909f56bfc062723c751e8b465ee728b)
Start importing Assets/Prefabs/UIs.prefab using Guid(bd6f9cb8fb0f9f849aac6c8ab24e31ac) Importer(815301076,1909f56bfc062723c751e8b465ee728b)  -> (artifact id: 'd884337d6142c6f61beed46ead6f48a5') in 0.047547 seconds 
========================================================================
Received Import Request.
  Time since last request: 0.000266 seconds.
  path: Assets/Prefabs/New Material.mat
  artifactKey: Guid(083f8e6ed8c324db49e22828e4ddf2ab) Importer(815301076,1909f56bfc062723c751e8b465ee728b)
Start importing Assets/Prefabs/New Material.mat using Guid(083f8e6ed8c324db49e22828e4ddf2ab) Importer(815301076,1909f56bfc062723c751e8b465ee728b)  -> (artifact id: 'd0fd982af45af94d8d623440b36fef1c') in 0.555770 seconds 
========================================================================
Received Import Request.
  Time since last request: 0.000304 seconds.
  path: Assets/Prefabs/FallingBallOrange.prefab
  artifactKey: Guid(2455708d5205846a38a0d7baa22582ef) Importer(815301076,1909f56bfc062723c751e8b465ee728b)
Start importing Assets/Prefabs/FallingBallOrange.prefab using Guid(2455708d5205846a38a0d7baa22582ef) Importer(815301076,1909f56bfc062723c751e8b465ee728b)  -> (artifact id: '3ea7b41ed00cd29f41b7af7f1c118711') in 0.018579 seconds 
========================================================================
Received Import Request.
  Time since last request: 0.000248 seconds.
  path: Assets/Prefabs/KillBarrier.prefab
  artifactKey: Guid(17a91c74bf9644fc2a441ac9a2e17e6f) Importer(815301076,1909f56bfc062723c751e8b465ee728b)
Start importing Assets/Prefabs/KillBarrier.prefab using Guid(17a91c74bf9644fc2a441ac9a2e17e6f) Importer(815301076,1909f56bfc062723c751e8b465ee728b)  -> (artifact id: 'eaa88b6957cd8c60be61dbd246eac761') in 0.011499 seconds 
========================================================================
Received Import Request.
  Time since last request: 0.000507 seconds.
  path: Assets/Prefabs/Finish.prefab
  artifactKey: Guid(aa89b2a71c5608b409a109656c502731) Importer(815301076,1909f56bfc062723c751e8b465ee728b)
Start importing Assets/Prefabs/Finish.prefab using Guid(aa89b2a71c5608b409a109656c502731) Importer(815301076,1909f56bfc062723c751e8b465ee728b)  -> (artifact id: 'f3494493c00aca160b2aa8df63beb7c3') in 0.020673 seconds 
========================================================================
Received Import Request.
  Time since last request: 0.000254 seconds.
  path: Assets/Prefabs/BackgroundBox.prefab
  artifactKey: Guid(260607508dc51456caa2ece99f87efc3) Importer(815301076,1909f56bfc062723c751e8b465ee728b)
Start importing Assets/Prefabs/BackgroundBox.prefab using Guid(260607508dc51456caa2ece99f87efc3) Importer(815301076,1909f56bfc062723c751e8b465ee728b)  -> (artifact id: '1136e7a8975a033eb1d6197939d50c78') in 0.024789 seconds 
========================================================================
Received Import Request.
  Time since last request: 0.000300 seconds.
  path: Assets/Prefabs/Level UIs.prefab
  artifactKey: Guid(54043dc060fff924f906a683dfd47d1e) Importer(815301076,1909f56bfc062723c751e8b465ee728b)
Start importing Assets/Prefabs/Level UIs.prefab using Guid(54043dc060fff924f906a683dfd47d1e) Importer(815301076,1909f56bfc062723c751e8b465ee728b)  -> (artifact id: 'c348f0018e08e4e25f2fbeaa03b9077a') in 0.096177 seconds 
========================================================================
Received Import Request.
  Time since last request: 0.000411 seconds.
  path: Assets/Prefabs/SpeedBoost.prefab
  artifactKey: Guid(a834935a4c045534d8cd73430d9aadaf) Importer(815301076,1909f56bfc062723c751e8b465ee728b)
Start importing Assets/Prefabs/SpeedBoost.prefab using Guid(a834935a4c045534d8cd73430d9aadaf) Importer(815301076,1909f56bfc062723c751e8b465ee728b)  -> (artifact id: '817886e0877e236a2a3848253938e80e') in 0.019418 seconds 
========================================================================
Received Import Request.
  Time since last request: 0.000303 seconds.
  path: Assets/Scenes/Level One.unity
  artifactKey: Guid(58e46804345062e46a9984a3c69fdb51) Importer(815301076,1909f56bfc062723c751e8b465ee728b)
Start importing Assets/Scenes/Level One.unity using Guid(58e46804345062e46a9984a3c69fdb51) Importer(815301076,1909f56bfc062723c751e8b465ee728b)  -> (artifact id: '5f2c1b5113ad3797f03cd3f648f9fc7a') in 0.001018 seconds 
========================================================================
Received Import Request.
  Time since last request: 0.000301 seconds.
  path: Assets/Prefabs/FallingBallRed.prefab
  artifactKey: Guid(24e6a17ba8ec44450890637e92dfe22c) Importer(815301076,1909f56bfc062723c751e8b465ee728b)
Start importing Assets/Prefabs/FallingBallRed.prefab using Guid(24e6a17ba8ec44450890637e92dfe22c) Importer(815301076,1909f56bfc062723c751e8b465ee728b)  -> (artifact id: '69eab4ecde27461a797f67481255d620') in 0.023204 seconds 
========================================================================
Received Import Request.
  Time since last request: 0.000277 seconds.
  path: Assets/Prefabs/Camera.prefab
  artifactKey: Guid(e70ff1d70a7831247aaba0ae1e447735) Importer(815301076,1909f56bfc062723c751e8b465ee728b)
Start importing Assets/Prefabs/Camera.prefab using Guid(e70ff1d70a7831247aaba0ae1e447735) Importer(815301076,1909f56bfc062723c751e8b465ee728b)  -> (artifact id: '96f67eb421ccaf090d485e7710f20994') in 0.013059 seconds 
========================================================================
Received Import Request.
  Time since last request: 0.000220 seconds.
  path: Assets/Prefabs/FallingBallGreen.prefab
  artifactKey: Guid(ee56f180694dd4746af5bee66cf665ac) Importer(815301076,1909f56bfc062723c751e8b465ee728b)
Start importing Assets/Prefabs/FallingBallGreen.prefab using Guid(ee56f180694dd4746af5bee66cf665ac) Importer(815301076,1909f56bfc062723c751e8b465ee728b)  -> (artifact id: '9da087cd55aeb02f4c80b08f2d0e2c3c') in 0.016771 seconds 
========================================================================
Received Import Request.
  Time since last request: 0.000324 seconds.
  path: Assets/Prefabs/PendulumTest.prefab
  artifactKey: Guid(0cc28352f81a84aee9cf8f02c955d214) Importer(815301076,1909f56bfc062723c751e8b465ee728b)
Start importing Assets/Prefabs/PendulumTest.prefab using Guid(0cc28352f81a84aee9cf8f02c955d214) Importer(815301076,1909f56bfc062723c751e8b465ee728b)  -> (artifact id: '125cf7b76da066451839c598a5226244') in 0.013653 seconds 
========================================================================
Received Import Request.
  Time since last request: 0.000208 seconds.
  path: Assets/Prefabs/T-Spinner.prefab
  artifactKey: Guid(7930b449757d542cf9ee61e9407a8a38) Importer(815301076,1909f56bfc062723c751e8b465ee728b)
Start importing Assets/Prefabs/T-Spinner.prefab using Guid(7930b449757d542cf9ee61e9407a8a38) Importer(815301076,1909f56bfc062723c751e8b465ee728b)  -> (artifact id: '421fe343942844726d471ee95983c92a') in 0.013345 seconds 
========================================================================
Received Import Request.
  Time since last request: 0.000323 seconds.
  path: Assets/Prefabs/Player.prefab
  artifactKey: Guid(1f494e0fbc5a34cbd97df7509f31b55b) Importer(815301076,1909f56bfc062723c751e8b465ee728b)
Start importing Assets/Prefabs/Player.prefab using Guid(1f494e0fbc5a34cbd97df7509f31b55b) Importer(815301076,1909f56bfc062723c751e8b465ee728b)  -> (artifact id: '63141e6e2e74a256f24f0c6588fc504d') in 0.099605 seconds 
========================================================================
Received Import Request.
  Time since last request: 0.000347 seconds.
  path: Assets/Prefabs/FallingBallPurple.prefab
  artifactKey: Guid(4422322ab0aa04f129ce2ae2f2a51659) Importer(815301076,1909f56bfc062723c751e8b465ee728b)
Start importing Assets/Prefabs/FallingBallPurple.prefab using Guid(4422322ab0aa04f129ce2ae2f2a51659) Importer(815301076,1909f56bfc062723c751e8b465ee728b)  -> (artifact id: 'fdce8f42823530acac475375cf6bd6ca') in 0.013396 seconds 
========================================================================
Received Import Request.
  Time since last request: 47.276069 seconds.
  path: Assets/Scenes/StartScreen.unity
  artifactKey: Guid(f7cad66ff54f84a09b26b364b35d9b4a) Importer(815301076,1909f56bfc062723c751e8b465ee728b)
Start importing Assets/Scenes/StartScreen.unity using Guid(f7cad66ff54f84a09b26b364b35d9b4a) Importer(815301076,1909f56bfc062723c751e8b465ee728b)  -> (artifact id: 'ea0ebe29a7ff32e4817d396501546c60') in 0.000893 seconds 
========================================================================
Received Import Request.
  Time since last request: 14.539458 seconds.
  path: Assets/Scenes/StartScreenB.unity
  artifactKey: Guid(8777019d217b05e439ee43c68a2b16aa) Importer(815301076,1909f56bfc062723c751e8b465ee728b)
Start importing Assets/Scenes/StartScreenB.unity using Guid(8777019d217b05e439ee43c68a2b16aa) Importer(815301076,1909f56bfc062723c751e8b465ee728b)  -> (artifact id: 'a2e6132fef4e74b940ef88a919c14477') in 0.001035 seconds 
========================================================================
Received Prepare
Registering precompiled user dll's ...
Registered in 0.001628 seconds.
Begin MonoManager ReloadAssembly
Native extension for WindowsStandalone target not found
Native extension for OSXStandalone target not found
Refreshing native plugins compatible for Editor in 0.61 ms, found 2 plugins.
Preloading 0 native plugins for Editor in 0.00 ms.
Mono: successfully reloaded assembly
- Completed reload, in  1.466 seconds
Domain Reload Profiling:
	ReloadAssembly (1466ms)
		BeginReloadAssembly (153ms)
			ExecutionOrderSort (0ms)
			DisableScriptedObjects (7ms)
			BackupInstance (0ms)
			ReleaseScriptingObjects (0ms)
			CreateAndSetChildDomain (75ms)
		EndReloadAssembly (1244ms)
			LoadAssemblies (75ms)
			RebuildTransferFunctionScriptingTraits (0ms)
			SetupTypeCache (409ms)
			ReleaseScriptCaches (1ms)
			RebuildScriptCaches (65ms)
			SetupLoadedEditorAssemblies (416ms)
				LogAssemblyErrors (0ms)
				InitializePlatformSupportModulesInManaged (4ms)
				SetLoadedEditorAssemblies (1ms)
				RefreshPlugins (1ms)
				BeforeProcessingInitializeOnLoad (115ms)
				ProcessInitializeOnLoadAttributes (279ms)
				ProcessInitializeOnLoadMethodAttributes (14ms)
				AfterProcessingInitializeOnLoad (1ms)
				EditorAssembliesLoaded (0ms)
			ExecutionOrderSort2 (0ms)
			AwakeInstancesAfterBackupRestoration (12ms)
Platform modules already initialized, skipping
Refreshing native plugins compatible for Editor in 0.56 ms, found 2 plugins.
Preloading 0 native plugins for Editor in 0.00 ms.
Unloading 3160 Unused Serialized files (Serialized files now loaded: 0)
System memory in use before: 302.0 MB.
System memory in use after: 302.3 MB.

Unloading 16 unused Assets to reduce memory usage. Loaded Objects now: 3894.
Total: 4.566839 ms (FindLiveObjects: 0.718478 ms CreateObjectMapping: 0.187151 ms MarkObjects: 3.633797 ms  DeleteObjects: 0.026703 ms)

AssetImportParameters requested are different than current active one (requested -> active):
  custom:video-decoder-ogg-theora: a1e56fd34408186e4bbccfd4996cb3dc -> 
  custom:container-muxer-webm: aa71ff27fc2769a1b78a27578f13a17b -> 
  custom:container-demuxer-webm: 4f35f7cbe854078d1ac9338744f61a02 -> 
  custom:container-demuxer-ogg: 62fdf1f143b41e24485cea50d1cbac27 -> 
  custom:video-encoder-webm-vp8: eb34c28f22e8b96e1ab97ce403110664 -> 
  custom:framework-osx-AVFoundation: e770b220cccbd017edd2c1fefb359320 -> 
  custom:video-decoder-webm-vp8: 9c59270c3fd7afecdb556c50c9e8de78 -> 
  custom:audio-decoder-ogg-vorbis: bf7c407c2cedff20999df2af8eb42d56 -> 
  custom:audio-encoder-webm-vorbis: bf7c407c2cedff20999df2af8eb42d56 -> 
========================================================================
Received Import Request.
  Time since last request: 66.205953 seconds.
  path: Assets/Animation/Pendalum Obstacle.controller
  artifactKey: Guid(e0f525554c209f44a92df872cda5b1be) Importer(815301076,1909f56bfc062723c751e8b465ee728b)
Start importing Assets/Animation/Pendalum Obstacle.controller using Guid(e0f525554c209f44a92df872cda5b1be) Importer(815301076,1909f56bfc062723c751e8b465ee728b)  -> (artifact id: 'cbc5e6a523b3ce1672ee975edf06cc07') in 0.422553 seconds 
========================================================================
Received Import Request.
  Time since last request: 5.368412 seconds.
  path: Assets/Animation/Pendalum.anim
  artifactKey: Guid(95edb4ec4cd7f1348a8f01b7a4923422) Importer(815301076,1909f56bfc062723c751e8b465ee728b)
Start importing Assets/Animation/Pendalum.anim using Guid(95edb4ec4cd7f1348a8f01b7a4923422) Importer(815301076,1909f56bfc062723c751e8b465ee728b)  -> (artifact id: '947c54ea7d8ec63dc188457c1c85ae22') in 0.184306 seconds 
========================================================================
Received Prepare
Registering precompiled user dll's ...
Registered in 0.007281 seconds.
Begin MonoManager ReloadAssembly
Native extension for WindowsStandalone target not found
Native extension for OSXStandalone target not found
Refreshing native plugins compatible for Editor in 0.70 ms, found 2 plugins.
Preloading 0 native plugins for Editor in 0.00 ms.
Mono: successfully reloaded assembly
- Completed reload, in  1.490 seconds
Domain Reload Profiling:
	ReloadAssembly (1490ms)
		BeginReloadAssembly (196ms)
			ExecutionOrderSort (0ms)
			DisableScriptedObjects (5ms)
			BackupInstance (0ms)
			ReleaseScriptingObjects (0ms)
			CreateAndSetChildDomain (77ms)
		EndReloadAssembly (1230ms)
			LoadAssemblies (148ms)
			RebuildTransferFunctionScriptingTraits (0ms)
			SetupTypeCache (383ms)
			ReleaseScriptCaches (1ms)
			RebuildScriptCaches (59ms)
			SetupLoadedEditorAssemblies (424ms)
				LogAssemblyErrors (0ms)
				InitializePlatformSupportModulesInManaged (4ms)
				SetLoadedEditorAssemblies (1ms)
				RefreshPlugins (1ms)
				BeforeProcessingInitializeOnLoad (116ms)
				ProcessInitializeOnLoadAttributes (284ms)
				ProcessInitializeOnLoadMethodAttributes (16ms)
				AfterProcessingInitializeOnLoad (1ms)
				EditorAssembliesLoaded (0ms)
			ExecutionOrderSort2 (0ms)
			AwakeInstancesAfterBackupRestoration (15ms)
Platform modules already initialized, skipping
Refreshing native plugins compatible for Editor in 0.56 ms, found 2 plugins.
Preloading 0 native plugins for Editor in 0.00 ms.
Unloading 3160 Unused Serialized files (Serialized files now loaded: 0)
System memory in use before: 311.3 MB.
System memory in use after: 311.6 MB.

Unloading 13 unused Assets to reduce memory usage. Loaded Objects now: 3908.
Total: 5.051338 ms (FindLiveObjects: 0.438237 ms CreateObjectMapping: 0.436101 ms MarkObjects: 4.148339 ms  DeleteObjects: 0.027476 ms)

AssetImportParameters requested are different than current active one (requested -> active):
  custom:video-decoder-ogg-theora: a1e56fd34408186e4bbccfd4996cb3dc -> 
  custom:container-muxer-webm: aa71ff27fc2769a1b78a27578f13a17b -> 
  custom:container-demuxer-webm: 4f35f7cbe854078d1ac9338744f61a02 -> 
  custom:container-demuxer-ogg: 62fdf1f143b41e24485cea50d1cbac27 -> 
  custom:video-encoder-webm-vp8: eb34c28f22e8b96e1ab97ce403110664 -> 
  custom:framework-osx-AVFoundation: e770b220cccbd017edd2c1fefb359320 -> 
  custom:video-decoder-webm-vp8: 9c59270c3fd7afecdb556c50c9e8de78 -> 
  custom:audio-decoder-ogg-vorbis: bf7c407c2cedff20999df2af8eb42d56 -> 
  custom:audio-encoder-webm-vorbis: bf7c407c2cedff20999df2af8eb42d56 -> 
